Traceback (most recent call last):
  File "/home/runner/work/simulator/simulator/.venv/lib/python3.11/site-packages/jupyter_cache/executors/utils.py", line 58, in single_nb_execution
    executenb(
  File "/home/runner/work/simulator/simulator/.venv/lib/python3.11/site-packages/nbclient/client.py", line 1305, in execute
    return NotebookClient(nb=nb, resources=resources, km=km, **kwargs).execute()
           ^^^^^^^^^^^^^^^^^^^^^^^^^^^^^^^^^^^^^^^^^^^^^^^^^^^^^^^^^^^^^^^^^^^^^
  File "/home/runner/work/simulator/simulator/.venv/lib/python3.11/site-packages/jupyter_core/utils/__init__.py", line 166, in wrapped
    return loop.run_until_complete(inner)
           ^^^^^^^^^^^^^^^^^^^^^^^^^^^^^^
  File "/opt/hostedtoolcache/Python/3.11.3/x64/lib/python3.11/asyncio/base_events.py", line 653, in run_until_complete
    return future.result()
           ^^^^^^^^^^^^^^^
  File "/home/runner/work/simulator/simulator/.venv/lib/python3.11/site-packages/nbclient/client.py", line 705, in async_execute
    await self.async_execute_cell(
  File "/home/runner/work/simulator/simulator/.venv/lib/python3.11/site-packages/nbclient/client.py", line 1058, in async_execute_cell
    await self._check_raise_for_error(cell, cell_index, exec_reply)
  File "/home/runner/work/simulator/simulator/.venv/lib/python3.11/site-packages/nbclient/client.py", line 914, in _check_raise_for_error
    raise CellExecutionError.from_cell_and_msg(cell, exec_reply_content)
nbclient.exceptions.CellExecutionError: An error occurred while executing the following cell:
------------------
for before, now, state in b:
    # each day we invest an equal fraction of the capital into each asset
    b[now] = (1.0/len(b.assets)) * state.nav / state.prices
------------------


[0;31m---------------------------------------------------------------------------[0m
[0;31mValueError[0m                                Traceback (most recent call last)
Cell [0;32mIn[5], line 1[0m
[0;32m----> 1[0m [38;5;28;01mfor[39;00m before, now, state [38;5;129;01min[39;00m b:
[1;32m      2[0m     [38;5;66;03m# each day we invest an equal fraction of the capital into each asset[39;00m
[1;32m      3[0m     b[now] [38;5;241m=[39m ([38;5;241m1.0[39m[38;5;241m/[39m[38;5;28mlen[39m(b[38;5;241m.[39massets)) [38;5;241m*[39m state[38;5;241m.[39mnav [38;5;241m/[39m state[38;5;241m.[39mprices

[0;31mValueError[0m: not enough values to unpack (expected 3, got 2)

