Traceback (most recent call last):
  File "/home/runner/work/simulator/simulator/.venv/lib/python3.11/site-packages/jupyter_cache/executors/utils.py", line 58, in single_nb_execution
    executenb(
  File "/home/runner/work/simulator/simulator/.venv/lib/python3.11/site-packages/nbclient/client.py", line 1305, in execute
    return NotebookClient(nb=nb, resources=resources, km=km, **kwargs).execute()
           ^^^^^^^^^^^^^^^^^^^^^^^^^^^^^^^^^^^^^^^^^^^^^^^^^^^^^^^^^^^^^^^^^^^^^
  File "/home/runner/work/simulator/simulator/.venv/lib/python3.11/site-packages/jupyter_core/utils/__init__.py", line 166, in wrapped
    return loop.run_until_complete(inner)
           ^^^^^^^^^^^^^^^^^^^^^^^^^^^^^^
  File "/opt/hostedtoolcache/Python/3.11.3/x64/lib/python3.11/asyncio/base_events.py", line 653, in run_until_complete
    return future.result()
           ^^^^^^^^^^^^^^^
  File "/home/runner/work/simulator/simulator/.venv/lib/python3.11/site-packages/nbclient/client.py", line 705, in async_execute
    await self.async_execute_cell(
  File "/home/runner/work/simulator/simulator/.venv/lib/python3.11/site-packages/nbclient/client.py", line 1058, in async_execute_cell
    await self._check_raise_for_error(cell, cell_index, exec_reply)
  File "/home/runner/work/simulator/simulator/.venv/lib/python3.11/site-packages/nbclient/client.py", line 914, in _check_raise_for_error
    raise CellExecutionError.from_cell_and_msg(cell, exec_reply_content)
nbclient.exceptions.CellExecutionError: An error occurred while executing the following cell:
------------------
logger.info("Load prices")
prices = pd.read_csv(Path("data") / "stock_prices.csv", index_col=0, parse_dates=True, header=0).ffill()

# Let's pay a fee of 10 bps every time
logger.info("Build trading cost model")
linearCostModel = LinearCostModel(name="LinearCostModel cost model", factor=0.0000)

logger.info("Build portfolio")
b = builder(prices=prices, initial_cash=1e6, trading_cost_model=linearCostModel)

for before, now, state in b:
    assert state.nav > 0, "Game over"

    # pick two assets at random
    pair = np.random.choice(b.assets, 2, replace=False)
    
    # compute the pair
    stocks = pd.Series(index=b.assets, data=0.0)
    stocks[pair] = [state.nav, -state.nav] / state.prices[pair].values

    b[now] = 0.1*stocks
------------------

----- stderr -----
[32m2023-05-09 21:11:18.139[0m | [1mINFO    [0m | [36m__main__[0m:[36m<module>[0m:[36m1[0m - [1mLoad prices[0m
----- stderr -----
[32m2023-05-09 21:11:18.145[0m | [1mINFO    [0m | [36m__main__[0m:[36m<module>[0m:[36m5[0m - [1mBuild trading cost model[0m
----- stderr -----
[32m2023-05-09 21:11:18.145[0m | [1mINFO    [0m | [36m__main__[0m:[36m<module>[0m:[36m8[0m - [1mBuild portfolio[0m
------------------

[0;31m---------------------------------------------------------------------------[0m
[0;31mValueError[0m                                Traceback (most recent call last)
Cell [0;32mIn[2], line 11[0m
[1;32m      8[0m logger[38;5;241m.[39minfo([38;5;124m"[39m[38;5;124mBuild portfolio[39m[38;5;124m"[39m)
[1;32m      9[0m b [38;5;241m=[39m builder(prices[38;5;241m=[39mprices, initial_cash[38;5;241m=[39m[38;5;241m1e6[39m, trading_cost_model[38;5;241m=[39mlinearCostModel)
[0;32m---> 11[0m [38;5;28;01mfor[39;00m before, now, state [38;5;129;01min[39;00m b:
[1;32m     12[0m     [38;5;28;01massert[39;00m state[38;5;241m.[39mnav [38;5;241m>[39m [38;5;241m0[39m, [38;5;124m"[39m[38;5;124mGame over[39m[38;5;124m"[39m
[1;32m     14[0m     [38;5;66;03m# pick two assets at random[39;00m

[0;31mValueError[0m: not enough values to unpack (expected 3, got 2)

