Traceback (most recent call last):
  File "/home/runner/work/simulator/simulator/.venv/lib/python3.11/site-packages/jupyter_cache/executors/utils.py", line 58, in single_nb_execution
    executenb(
  File "/home/runner/work/simulator/simulator/.venv/lib/python3.11/site-packages/nbclient/client.py", line 1314, in execute
    return NotebookClient(nb=nb, resources=resources, km=km, **kwargs).execute()
           ^^^^^^^^^^^^^^^^^^^^^^^^^^^^^^^^^^^^^^^^^^^^^^^^^^^^^^^^^^^^^^^^^^^^^
  File "/home/runner/work/simulator/simulator/.venv/lib/python3.11/site-packages/jupyter_core/utils/__init__.py", line 165, in wrapped
    return loop.run_until_complete(inner)
           ^^^^^^^^^^^^^^^^^^^^^^^^^^^^^^
  File "/opt/hostedtoolcache/Python/3.11.10/x64/lib/python3.11/asyncio/base_events.py", line 654, in run_until_complete
    return future.result()
           ^^^^^^^^^^^^^^^
  File "/home/runner/work/simulator/simulator/.venv/lib/python3.11/site-packages/nbclient/client.py", line 709, in async_execute
    await self.async_execute_cell(
  File "/home/runner/work/simulator/simulator/.venv/lib/python3.11/site-packages/nbclient/client.py", line 1062, in async_execute_cell
    await self._check_raise_for_error(cell, cell_index, exec_reply)
  File "/home/runner/work/simulator/simulator/.venv/lib/python3.11/site-packages/nbclient/client.py", line 918, in _check_raise_for_error
    raise CellExecutionError.from_cell_and_msg(cell, exec_reply_content)
nbclient.exceptions.CellExecutionError: An error occurred while executing the following cell:
------------------
builder = Builder(prices=prices, initial_aum=1e6)

for _, state in builder:
    assets = state.assets
    n = len(assets)
    weights = cp.Variable(n)
    objective = cp.norm_inf(weights)
    constraints = [weights >= 0, cp.sum(weights) == 1]
    # we are using the new CLARABEL solver
    cp.Problem(objective=cp.Minimize(objective), constraints=constraints).solve(solver=cp.CLARABEL)
    # update weights & aum as before
    builder.weights = weights.value
    builder.aum = state.aum

portfolio = builder.build()
portfolio.snapshot(aggreagate=True)
------------------


[0;31m---------------------------------------------------------------------------[0m
[0;31mTypeError[0m                                 Traceback (most recent call last)
Cell [0;32mIn[7], line 16[0m
[1;32m     13[0m     builder[38;5;241m.[39maum [38;5;241m=[39m state[38;5;241m.[39maum
[1;32m     15[0m portfolio [38;5;241m=[39m builder[38;5;241m.[39mbuild()
[0;32m---> 16[0m [43mportfolio[49m[38;5;241;43m.[39;49m[43msnapshot[49m[43m([49m[43maggreagate[49m[38;5;241;43m=[39;49m[38;5;28;43;01mTrue[39;49;00m[43m)[49m

[0;31mTypeError[0m: Portfolio.snapshot() got an unexpected keyword argument 'aggreagate'

