Traceback (most recent call last):
  File "/home/runner/work/simulator/simulator/.venv/lib/python3.10/site-packages/jupyter_cache/executors/utils.py", line 58, in single_nb_execution
    executenb(
  File "/home/runner/work/simulator/simulator/.venv/lib/python3.10/site-packages/nbclient/client.py", line 1305, in execute
    return NotebookClient(nb=nb, resources=resources, km=km, **kwargs).execute()
  File "/home/runner/work/simulator/simulator/.venv/lib/python3.10/site-packages/jupyter_core/utils/__init__.py", line 173, in wrapped
    return loop.run_until_complete(inner)
  File "/opt/hostedtoolcache/Python/3.10.13/x64/lib/python3.10/asyncio/base_events.py", line 649, in run_until_complete
    return future.result()
  File "/home/runner/work/simulator/simulator/.venv/lib/python3.10/site-packages/nbclient/client.py", line 705, in async_execute
    await self.async_execute_cell(
  File "/home/runner/work/simulator/simulator/.venv/lib/python3.10/site-packages/nbclient/client.py", line 1058, in async_execute_cell
    await self._check_raise_for_error(cell, cell_index, exec_reply)
  File "/home/runner/work/simulator/simulator/.venv/lib/python3.10/site-packages/nbclient/client.py", line 914, in _check_raise_for_error
    raise CellExecutionError.from_cell_and_msg(cell, exec_reply_content)
nbclient.exceptions.CellExecutionError: An error occurred while executing the following cell:
------------------
portfolio = builder(
    prices=prices,
    initial_cash=1e6,
    market_cap=market_cap,
    trade_volume=volume,
    weights=weights,
    max_cap_fraction=0.06,  # position max 6% of market cap
    max_trade_fraction=0.2, # trade max 20% of daily volume
).build()

------------------


[0;31m---------------------------------------------------------------------------[0m
[0;31mAttributeError[0m                            Traceback (most recent call last)
Cell [0;32mIn[6], line 1[0m
[0;32m----> 1[0m portfolio [38;5;241m=[39m [43mbuilder[49m[43m([49m
[1;32m      2[0m [43m    [49m[43mprices[49m[38;5;241;43m=[39;49m[43mprices[49m[43m,[49m
[1;32m      3[0m [43m    [49m[43minitial_cash[49m[38;5;241;43m=[39;49m[38;5;241;43m1e6[39;49m[43m,[49m
[1;32m      4[0m [43m    [49m[43mmarket_cap[49m[38;5;241;43m=[39;49m[43mmarket_cap[49m[43m,[49m
[1;32m      5[0m [43m    [49m[43mtrade_volume[49m[38;5;241;43m=[39;49m[43mvolume[49m[43m,[49m
[1;32m      6[0m [43m    [49m[43mweights[49m[38;5;241;43m=[39;49m[43mweights[49m[43m,[49m
[1;32m      7[0m [43m    [49m[43mmax_cap_fraction[49m[38;5;241;43m=[39;49m[38;5;241;43m0.06[39;49m[43m,[49m[43m  [49m[38;5;66;43;03m# position max 6% of market cap[39;49;00m
[1;32m      8[0m [43m    [49m[43mmax_trade_fraction[49m[38;5;241;43m=[39;49m[38;5;241;43m0.2[39;49m[43m,[49m[43m [49m[38;5;66;43;03m# trade max 20% of daily volume[39;49;00m
[1;32m      9[0m [43m)[49m[38;5;241m.[39mbuild()

File [0;32m~/work/simulator/simulator/cvx/simulator/builder.py:198[0m, in [0;36mbuilder[0;34m(prices, weights, initial_cash, trading_cost_model, **kwargs)[0m
[1;32m    189[0m builder [38;5;241m=[39m _Builder(
[1;32m    190[0m     stocks[38;5;241m=[39mstocks,
[1;32m    191[0m     prices[38;5;241m=[39mprices,
[0;32m   (...)[0m
[1;32m    194[0m     input_data[38;5;241m=[39m[38;5;28mdict[39m(kwargs),
[1;32m    195[0m )
[1;32m    197[0m [38;5;28;01mif[39;00m weights [38;5;129;01mis[39;00m [38;5;129;01mnot[39;00m [38;5;28;01mNone[39;00m:
[0;32m--> 198[0m     [38;5;28;01mfor[39;00m t, state [38;5;129;01min[39;00m builder:
[1;32m    199[0m         builder[38;5;241m.[39mset_weights(time[38;5;241m=[39mt[[38;5;241m-[39m[38;5;241m1[39m], weights[38;5;241m=[39mweights[38;5;241m.[39mloc[t[[38;5;241m-[39m[38;5;241m1[39m]])
[1;32m    201[0m [38;5;28;01mreturn[39;00m builder

File [0;32m~/work/simulator/simulator/cvx/simulator/builder.py:317[0m, in [0;36m_Builder.__iter__[0;34m(self)[0m
[1;32m    313[0m [38;5;28;01mfor[39;00m t [38;5;129;01min[39;00m [38;5;28mself[39m[38;5;241m.[39mindex:
[1;32m    314[0m     [38;5;66;03m# valuation of the current position[39;00m
[1;32m    315[0m     [38;5;28mself[39m[38;5;241m.[39m_state[38;5;241m.[39mprices [38;5;241m=[39m [38;5;28mself[39m[38;5;241m.[39mprices[38;5;241m.[39mloc[t]
[0;32m--> 317[0m     [38;5;28mself[39m[38;5;241m.[39m_state[38;5;241m.[39minput_data [38;5;241m=[39m {
[1;32m    318[0m         key: data[38;5;241m.[39mloc[t] [38;5;28;01mfor[39;00m key, data [38;5;129;01min[39;00m [38;5;28mself[39m[38;5;241m.[39minput_data[38;5;241m.[39mitems()
[1;32m    319[0m     }
[1;32m    321[0m     [38;5;28;01myield[39;00m [38;5;28mself[39m[38;5;241m.[39mindex[[38;5;28mself[39m[38;5;241m.[39mindex [38;5;241m<[39m[38;5;241m=[39m t], [38;5;28mself[39m[38;5;241m.[39m_state

File [0;32m~/work/simulator/simulator/cvx/simulator/builder.py:318[0m, in [0;36m<dictcomp>[0;34m(.0)[0m
[1;32m    313[0m [38;5;28;01mfor[39;00m t [38;5;129;01min[39;00m [38;5;28mself[39m[38;5;241m.[39mindex:
[1;32m    314[0m     [38;5;66;03m# valuation of the current position[39;00m
[1;32m    315[0m     [38;5;28mself[39m[38;5;241m.[39m_state[38;5;241m.[39mprices [38;5;241m=[39m [38;5;28mself[39m[38;5;241m.[39mprices[38;5;241m.[39mloc[t]
[1;32m    317[0m     [38;5;28mself[39m[38;5;241m.[39m_state[38;5;241m.[39minput_data [38;5;241m=[39m {
[0;32m--> 318[0m         key: [43mdata[49m[38;5;241;43m.[39;49m[43mloc[49m[t] [38;5;28;01mfor[39;00m key, data [38;5;129;01min[39;00m [38;5;28mself[39m[38;5;241m.[39minput_data[38;5;241m.[39mitems()
[1;32m    319[0m     }
[1;32m    321[0m     [38;5;28;01myield[39;00m [38;5;28mself[39m[38;5;241m.[39mindex[[38;5;28mself[39m[38;5;241m.[39mindex [38;5;241m<[39m[38;5;241m=[39m t], [38;5;28mself[39m[38;5;241m.[39m_state

[0;31mAttributeError[0m: 'float' object has no attribute 'loc'

