Traceback (most recent call last):
  File "/home/runner/work/simulator/simulator/.venv/lib/python3.10/site-packages/jupyter_cache/executors/utils.py", line 58, in single_nb_execution
    executenb(
  File "/home/runner/work/simulator/simulator/.venv/lib/python3.10/site-packages/nbclient/client.py", line 1305, in execute
    return NotebookClient(nb=nb, resources=resources, km=km, **kwargs).execute()
  File "/home/runner/work/simulator/simulator/.venv/lib/python3.10/site-packages/jupyter_core/utils/__init__.py", line 165, in wrapped
    return loop.run_until_complete(inner)
  File "/opt/hostedtoolcache/Python/3.10.13/x64/lib/python3.10/asyncio/base_events.py", line 649, in run_until_complete
    return future.result()
  File "/home/runner/work/simulator/simulator/.venv/lib/python3.10/site-packages/nbclient/client.py", line 705, in async_execute
    await self.async_execute_cell(
  File "/home/runner/work/simulator/simulator/.venv/lib/python3.10/site-packages/nbclient/client.py", line 1058, in async_execute_cell
    await self._check_raise_for_error(cell, cell_index, exec_reply)
  File "/home/runner/work/simulator/simulator/.venv/lib/python3.10/site-packages/nbclient/client.py", line 914, in _check_raise_for_error
    raise CellExecutionError.from_cell_and_msg(cell, exec_reply_content)
nbclient.exceptions.CellExecutionError: An error occurred while executing the following cell:
------------------
portfolio = b.build()
portfolio.plots()
------------------


[0;31m---------------------------------------------------------------------------[0m
[0;31mAttributeError[0m                            Traceback (most recent call last)
Cell [0;32mIn[8], line 2[0m
[1;32m      1[0m portfolio [38;5;241m=[39m b[38;5;241m.[39mbuild()
[0;32m----> 2[0m [43mportfolio[49m[38;5;241;43m.[39;49m[43mplots[49m[43m([49m[43m)[49m

File [0;32m~/work/simulator/simulator/cvx/simulator/portfolio.py:295[0m, in [0;36mPortfolio.plots[0;34m(self, benchmark, grayscale, figsize, mode, compounded, periods_per_year, prepare_returns, match_dates, **kwargs)[0m
[1;32m    283[0m [38;5;28;01mdef[39;00m [38;5;21mplots[39m(
[1;32m    284[0m     [38;5;28mself[39m,
[1;32m    285[0m     benchmark: Any [38;5;241m=[39m [38;5;28;01mNone[39;00m,
[0;32m   (...)[0m
[1;32m    293[0m     [38;5;241m*[39m[38;5;241m*[39mkwargs: Any,
[1;32m    294[0m ) [38;5;241m-[39m[38;5;241m>[39m Any:
[0;32m--> 295[0m     [38;5;28;01mreturn[39;00m [43mqs[49m[38;5;241;43m.[39;49m[43mreports[49m[38;5;241;43m.[39;49m[43mplots[49m[43m([49m
[1;32m    296[0m [43m        [49m[43mreturns[49m[38;5;241;43m=[39;49m[38;5;28;43mself[39;49m[38;5;241;43m.[39;49m[43mnav[49m[38;5;241;43m.[39;49m[43mpct_change[49m[43m([49m[43m)[49m[38;5;241;43m.[39;49m[43mdropna[49m[43m([49m[43m)[49m[43m,[49m
[1;32m    297[0m [43m        [49m[43mbenchmark[49m[38;5;241;43m=[39;49m[43mbenchmark[49m[43m,[49m
[1;32m    298[0m [43m        [49m[43mgrayscale[49m[38;5;241;43m=[39;49m[43mgrayscale[49m[43m,[49m
[1;32m    299[0m [43m        [49m[43mfigsize[49m[38;5;241;43m=[39;49m[43mfigsize[49m[43m,[49m
[1;32m    300[0m [43m        [49m[43mmode[49m[38;5;241;43m=[39;49m[43mmode[49m[43m,[49m
[1;32m    301[0m [43m        [49m[43mcompounded[49m[38;5;241;43m=[39;49m[43mcompounded[49m[43m,[49m
[1;32m    302[0m [43m        [49m[43mperiods_per_year[49m[38;5;241;43m=[39;49m[43mperiods_per_year[49m[43m,[49m
[1;32m    303[0m [43m        [49m[43mprepare_returns[49m[38;5;241;43m=[39;49m[43mprepare_returns[49m[43m,[49m
[1;32m    304[0m [43m        [49m[43mmatch_dates[49m[38;5;241;43m=[39;49m[43mmatch_dates[49m[43m,[49m
[1;32m    305[0m [43m        [49m[38;5;241;43m*[39;49m[38;5;241;43m*[39;49m[43mkwargs[49m[43m,[49m
[1;32m    306[0m [43m    [49m[43m)[49m

File [0;32m~/work/simulator/simulator/cvx/simulator/quantstats/reports.py:1268[0m, in [0;36mplots[0;34m(returns, benchmark, grayscale, figsize, mode, compounded, periods_per_year, prepare_returns, match_dates, **kwargs)[0m
[1;32m   1265[0m     returns[38;5;241m.[39mcolumns [38;5;241m=[39m strategy_colname
[1;32m   1267[0m [38;5;28;01mif[39;00m mode[38;5;241m.[39mlower() [38;5;241m!=[39m [38;5;124m"[39m[38;5;124mfull[39m[38;5;124m"[39m:
[0;32m-> 1268[0m     [43m_plots[49m[38;5;241;43m.[39;49m[43msnapshot[49m(
[1;32m   1269[0m         returns,
[1;32m   1270[0m         grayscale[38;5;241m=[39mgrayscale,
[1;32m   1271[0m         figsize[38;5;241m=[39m(figsize[[38;5;241m0[39m], figsize[[38;5;241m0[39m]),
[1;32m   1272[0m         show[38;5;241m=[39m[38;5;28;01mTrue[39;00m,
[1;32m   1273[0m         mode[38;5;241m=[39m([38;5;124m"[39m[38;5;124mcomp[39m[38;5;124m"[39m [38;5;28;01mif[39;00m compounded [38;5;28;01melse[39;00m [38;5;124m"[39m[38;5;124msum[39m[38;5;124m"[39m),
[1;32m   1274[0m         benchmark_title[38;5;241m=[39mbenchmark_colname,
[1;32m   1275[0m         strategy_title[38;5;241m=[39mstrategy_colname,
[1;32m   1276[0m     )
[1;32m   1278[0m     [38;5;28;01mif[39;00m [38;5;28misinstance[39m(returns, _pd[38;5;241m.[39mSeries):
[1;32m   1279[0m         _plots[38;5;241m.[39mmonthly_heatmap(
[1;32m   1280[0m             returns,
[1;32m   1281[0m             benchmark,
[0;32m   (...)[0m
[1;32m   1287[0m             active[38;5;241m=[39mactive,
[1;32m   1288[0m         )

[0;31mAttributeError[0m: module 'cvx.simulator.quantstats.plots' has no attribute 'snapshot'

